<?xml version="1.0" encoding="UTF-8"?>
<!-- Generated by org.testng.reporters.JUnitReportReporter -->
<testsuite skipped="1" hostname="HP" name="tests.TC001_CreateLead" tests="1" failures="0" timestamp="08 Jul 2019 17:06:38 GMT" time="0.000" errors="0">
  <testcase name="createLeadTest" time="0.000" classname="tests.TC001_CreateLead">
    <skipped/>
  </testcase> <!-- createLeadTest -->
</testsuite> <!-- tests.TC001_CreateLead -->
